
          -------------------------------------------------------
          Amber 14 SANDER                              2014
          -------------------------------------------------------

| Run on 08/19/2020 at 00:49:47

|   Executable path: /project/cacds/apps/amber/amber14/bin/sander
| Working directory: /project/cheung/jrtinnin/DBP/rate_calc/correction/config_3
|          Hostname: sabine.rcdc.uh.edu

  [-O]verwriting output

File Assignments:
|  MDIN: ../pt_ene_sander.in                                                   
| MDOUT: AD_3_CT1.out                                                          
|INPCRD: AD_3.inpcrd                                                           
|  PARM: AD_3_CT1.prmtop                                                       
|RESTRT: restrt                                                                
|  REFC: refc                                                                  
| MDVEL: mdvel                                                                 
| MDFRC: mdfrc                                                                 
|  MDEN: mden                                                                  
| MDCRD: mdcrd                                                                 
|MDINFO: mdinfo                                                                
|  MTMD: mtmd                                                                  
|INPDIP: inpdip                                                                
|RSTDIP: rstdip                                                                
|INPTRA: inptraj                                                               

 
 Here is the input file:
 
HOLD THE SOLUTE STILL AND EQULIBRATE THE SOLVENT                               
 &cntrl                                                                        
   igb = 0, imin = 1, ntx = 1, irest = 0,                                      
   ntb = 1, cut = 10.,                                                         
   ntpr = 5, ntwx = 5, ntwe = 1,                                               
   nstlim = 1000, dt = 0.001,                                                  
   ntc = 2, ntf = 2, iwrap = 0,                                                
   ntt = 3, gamma_ln=0.1,                                                      
   tempi = 298.15, temp0 = 298.15,                                             
   tautp = 0.5, ig = -1, vlimit = 10.0,                                        
   nmropt = 0,                                                                 
   ipol   = 0,                                                                 
   ntr    = 0,                                                                 
   ioutfm = 1,                                                                 
   maxcyc = 1,                                                                 
   ncyc = 10                                                                   
 &end                                                                          
                                                                               

--------------------------------------------------------------------------------
   1.  RESOURCE   USE: 
--------------------------------------------------------------------------------

| Flags:                                                                        
 getting new box info from bottom of inpcrd
|  INFO: Old style inpcrd file read

| peek_ewald_inpcrd: Box info found
|Largest sphere to fit in unit cell has radius =    29.733
| New format PARM file being parsed.
| Version =    1.000 Date = 08/19/20 Time = 00:49:47
 NATOM  =     170 NTYPES =       2 NBONH =      36 MBONA  =     183
 NTHETH =      72 MTHETA =     330 NPHIH =     154 MPHIA  =     614
 NHPARM =       0 NPARM  =       0 NNB   =    1181 NRES   =       2
 NBONA  =     183 NTHETA =     330 NPHIA =     614 NUMBND =       2
 NUMANG =       2 NPTRA  =       2 NATYP =       2 NPHB   =       0
 IFBOX  =       1 NMXRS  =     100 IFCAP =       0 NEXTRA =       0
 NCOPY  =       0


|     Memory Use     Allocated
|     Real              100668
|     Hollerith            514
|     Integer            62820
|     Max Pairs          14365
|     nblistReal          2040
|     nblist Int        551196
|       Total             3259 kbytes

| Note: 1-4 EEL scale factors are being read from the topology file.

| Note: 1-4 VDW scale factors are being read from the topology file.
| Duplicated    0 dihedrals
| Duplicated    0 dihedrals

     BOX TYPE: RECTILINEAR
Note: ig = -1. Setting random seed to   664718 based on wallclock time in microseconds.

--------------------------------------------------------------------------------
   2.  CONTROL  DATA  FOR  THE  RUN
--------------------------------------------------------------------------------

default_name                                                                    

General flags:
     imin    =       1, nmropt  =       0

Nature and format of input:
     ntx     =       1, irest   =       0, ntrx    =       1

Nature and format of output:
     ntxo    =       1, ntpr    =       5, ntrx    =       1, ntwr    =     500
     iwrap   =       0, ntwx    =       5, ntwv    =       0, ntwe    =       1
     ioutfm  =       1, ntwprt  =       0, idecomp =       0, rbornstat=      0

Potential function:
     ntf     =       2, ntb     =       1, igb     =       0, nsnb    =      25
     ipol    =       0, gbsa    =       0, iesp    =       0
     dielc   =   1.00000, cut     =  10.00000, intdiel =   1.00000

Frozen or restrained atoms:
     ibelly  =       0, ntr     =       0

Energy minimization:
     maxcyc  =       1, ncyc    =      10, ntmin   =       1
     dx0     =   0.01000, drms    =   0.00010

SHAKE:
     ntc     =       2, jfastw  =       0
     tol     =   0.00001

Ewald parameters:
     verbose =       0, ew_type =       0, nbflag  =       1, use_pme =       1
     vdwmeth =       1, eedmeth =       1, netfrc  =       0
     Box X =   59.466   Box Y =   68.896   Box Z =   98.294
     Alpha =   90.000   Beta  =   90.000   Gamma =   90.000
     NFFT1 =   60       NFFT2 =   72       NFFT3 =  100
     Cutoff=   10.000   Tol   =0.100E-04
     Ewald Coefficient =  0.27511
     Interpolation order =    4

--------------------------------------------------------------------------------
   3.  ATOMIC COORDINATES AND VELOCITIES
--------------------------------------------------------------------------------

default_name                                                                    
 begin time read from input coords =     0.000 ps

 Number of triangulated 3-point waters found:        0

     Sum of charges from parm topology file =   0.00000100
     Forcing neutrality...

--------------------------------------------------------------------------------
   4.  RESULTS
--------------------------------------------------------------------------------

 ---------------------------------------------------
 APPROXIMATING switch and d/dx switch using CUBIC SPLINE INTERPOLATION
 using   5000.0 points per unit in tabled values
 TESTING RELATIVE ERROR over r ranging from 0.0 to cutoff
| CHECK switch(x): max rel err =   0.3316E-14   at   2.351880
| CHECK d/dx switch(x): max rel err =   0.8066E-11   at   2.747240
 ---------------------------------------------------
| Local SIZE OF NONBOND LIST =       7355
| TOTAL SIZE OF NONBOND LIST =       7355


   NSTEP       ENERGY          RMS            GMAX         NAME    NUMBER
      1       1.2373E+03     2.9409E+01     1.0003E+02     C          71

 BOND    =       75.2367  ANGLE   =      299.8469  DIHED      =      675.0439
 VDWAALS =      -51.7893  EEL     =       46.8794  HBOND      =        0.0000
 1-4 VDW =      151.5250  1-4 EEL =       40.5298  RESTRAINT  =        0.0000


  Maximum number of minimization cycles reached.


                    FINAL RESULTS



   NSTEP       ENERGY          RMS            GMAX         NAME    NUMBER
      1       1.2373E+03     2.9409E+01     1.0003E+02     C          71

 BOND    =       75.2367  ANGLE   =      299.8469  DIHED      =      675.0439
 VDWAALS =      -51.7893  EEL     =       46.8794  HBOND      =        0.0000
 1-4 VDW =      151.5250  1-4 EEL =       40.5298  RESTRAINT  =        0.0000

--------------------------------------------------------------------------------
   5.  TIMINGS
--------------------------------------------------------------------------------

|    Read coords time           0.00 ( 1.59% of Total)
|    Fast Water setup           0.00 ( 0.01% of Total)
|                Build the list             0.00 (27.39% of List )
|                Other                      0.01 (72.61% of List )
|             List time                  0.01 (16.58% of Nonbo)
|                   Short_ene time             0.00 (97.94% of Direc)
|                   Other                      0.00 ( 2.06% of Direc)
|                Direct Ewald time          0.00 ( 1.13% of Ewald)
|                Adjust Ewald time          0.00 ( 0.18% of Ewald)
|                Self Ewald time            0.00 ( 0.01% of Ewald)
|                   Fill Bspline coeffs        0.00 ( 0.20% of Recip)
|                   Fill charge grid           0.00 ( 5.68% of Recip)
|                   Scalar sum                 0.01 (20.04% of Recip)
|                   Grad sum                   0.00 ( 0.21% of Recip)
|                   FFT time                   0.03 (73.87% of Recip)
|                   Other                      0.00 ( 0.01% of Recip)
|                Recip Ewald time           0.04 (98.60% of Ewald)
|                Virial junk                0.00 ( 0.01% of Ewald)
|                Start synchronizatio       0.00 ( 0.01% of Ewald)
|                Other                      0.00 ( 0.06% of Ewald)
|             Ewald time                 0.04 (83.42% of Nonbo)
|          Nonbond force              0.05 (99.56% of Force)
|          Bond/Angle/Dihedral        0.00 ( 0.39% of Force)
|          Other                      0.00 ( 0.05% of Force)
|       Force time                 0.05 (100.0% of Runmd)
|    Runmd Time                 0.05 (70.55% of Total)
|    Other                      0.02 (27.85% of Total)
| Total time                 0.07 (100.0% of ALL  )

| Number of list builds   :          1

| Highest rstack allocated:     944004
| Highest istack allocated:        170
|           Job began  at 00:49:47.657  on 08/19/2020
|           Setup done at 00:49:47.668  on 08/19/2020
|           Run   done at 00:49:47.730  on 08/19/2020
|     wallclock() was called      88 times
